<?xml version="1.0" encoding="UTF-8" ?>
<testsuite tests="1" failures="0" name="MD5Test" time="0.023" errors="0" skipped="0">
  <properties>
    <property name="idea.version" value="2020.2.1"/>
    <property name="java.runtime.name" value="Java(TM) SE Runtime Environment"/>
    <property name="sun.boot.library.path" value="F:\JDK1.8\JDK\jre\bin"/>
    <property name="java.vm.version" value="25.121-b13"/>
    <property name="java.vm.vendor" value="Oracle Corporation"/>
    <property name="maven.multiModuleProjectDirectory" value="G:\WorkSpaces\IDEAWorkSpace\Atcrowdfunding_Parent"/>
    <property name="java.vendor.url" value="http://java.oracle.com/"/>
    <property name="path.separator" value=";"/>
    <property name="guice.disable.misplaced.annotation.check" value="true"/>
    <property name="java.vm.name" value="Java HotSpot(TM) 64-Bit Server VM"/>
    <property name="file.encoding.pkg" value="sun.io"/>
    <property name="user.script" value=""/>
    <property name="user.country" value="CN"/>
    <property name="sun.java.launcher" value="SUN_STANDARD"/>
    <property name="sun.os.patch.level" value=""/>
    <property name="java.vm.specification.name" value="Java Virtual Machine Specification"/>
    <property name="user.dir" value="G:\WorkSpaces\IDEAWorkSpace\Atcrowdfunding_Parent"/>
    <property name="java.runtime.version" value="1.8.0_121-b13"/>
    <property name="java.awt.graphicsenv" value="sun.awt.Win32GraphicsEnvironment"/>
    <property name="java.endorsed.dirs" value="F:\JDK1.8\JDK\jre\lib\endorsed"/>
    <property name="os.arch" value="amd64"/>
    <property name="java.io.tmpdir" value="C:\Users\10855\AppData\Local\Temp\"/>
    <property name="line.separator" value="
"/>
    <property name="java.vm.specification.vendor" value="Oracle Corporation"/>
    <property name="user.variant" value=""/>
    <property name="os.name" value="Windows 10"/>
    <property name="maven.ext.class.path" value="D:\Program Files\JetBrains\IntelliJ IDEA 2020.2\plugins\maven\lib\maven-event-listener.jar"/>
    <property name="classworlds.conf" value="F:\apache-maven-3.6.0\bin\m2.conf"/>
    <property name="sun.jnu.encoding" value="GBK"/>
    <property name="java.library.path" value="F:\JDK1.8\JDK\bin;C:\WINDOWS\Sun\Java\bin;C:\WINDOWS\system32;C:\WINDOWS;C:\ProgramData\Oracle\Java\javapath;C:\Program Files (x86)\Common Files\Oracle\Java\javapath;F:\apache-maven-3.6.0\bin;F:\JDK1.8\JDK\bin;F:\JDK1.8\JDK\JRE\bin;C:\Program Files\NVIDIA Corporation\NVIDIA NvDLISR;C:\Windows\System32;C:\Program Files (x86)\NVIDIA Corporation\PhysX\Common;C:\WINDOWS\system32;C:\WINDOWS;C:\WINDOWS\System32\Wbem;C:\WINDOWS\System32\WindowsPowerShell\v1.0\;C:\WINDOWS\System32\OpenSSH\;F:\Program Files\VisualSVN Server\bin;C:\Program Files\TortoiseSVN\bin;F:\Program Files\TortoiseSVN\bin;F:\Pyshon\Physhon 3.8\Scripts\;F:\Pyshon\Physhon 3.8\;F:\Program Files\MySQL\MySQL Server 8.0\bin;F:\Program Files (x86)\MySQL\MySQL Server 5.5\bin;F:\Program Files\nodejs\node_gobal;F:\Program Files\TortoiseGit\bin;F:\Program Files\Git\cmd;F:\Program Files\nodejs\;F:\Pyshon\Physhon 3.8\Scripts\;F:\Pyshon\Physhon 3.8\;F:\JDK1.8\JDK\bin;F:\JDK1.8\JDK\JRE\bin;C:\Users\10855\AppData\Local\Microsoft\WindowsApps;C:\Windows\System32;F:\Program Files\JetBrains\IntelliJ IDEA 2020.2\bin;;D:\Program Files\JetBrains\WebStorm 2020.2.1\bin;;F:\Program Files\nodejs\node_gobal\node_modules;C:\Users\10855\AppData\Roaming\npm;."/>
    <property name="maven.conf" value="F:\apache-maven-3.6.0/conf"/>
    <property name="java.specification.name" value="Java Platform API Specification"/>
    <property name="java.class.version" value="52.0"/>
    <property name="sun.management.compiler" value="HotSpot 64-Bit Tiered Compilers"/>
    <property name="os.version" value="10.0"/>
    <property name="user.home" value="C:\Users\10855"/>
    <property name="user.timezone" value="Asia/Shanghai"/>
    <property name="java.awt.printerjob" value="sun.awt.windows.WPrinterJob"/>
    <property name="java.specification.version" value="1.8"/>
    <property name="file.encoding" value="UTF-8"/>
    <property name="user.name" value="10855"/>
    <property name="java.class.path" value="F:\apache-maven-3.6.0\boot\plexus-classworlds-2.5.2.jar;D:\Program Files\JetBrains\IntelliJ IDEA 2020.2\lib\idea_rt.jar"/>
    <property name="java.vm.specification.version" value="1.8"/>
    <property name="sun.arch.data.model" value="64"/>
    <property name="java.home" value="F:\JDK1.8\JDK\jre"/>
    <property name="sun.java.command" value="org.codehaus.classworlds.Launcher -Didea.version=2020.2.1 install"/>
    <property name="java.specification.vendor" value="Oracle Corporation"/>
    <property name="user.language" value="zh"/>
    <property name="awt.toolkit" value="sun.awt.windows.WToolkit"/>
    <property name="java.vm.info" value="mixed mode"/>
    <property name="java.version" value="1.8.0_121"/>
    <property name="java.ext.dirs" value="F:\JDK1.8\JDK\jre\lib\ext;C:\WINDOWS\Sun\Java\lib\ext"/>
    <property name="sun.boot.class.path" value="F:\JDK1.8\JDK\jre\lib\resources.jar;F:\JDK1.8\JDK\jre\lib\rt.jar;F:\JDK1.8\JDK\jre\lib\sunrsasign.jar;F:\JDK1.8\JDK\jre\lib\jsse.jar;F:\JDK1.8\JDK\jre\lib\jce.jar;F:\JDK1.8\JDK\jre\lib\charsets.jar;F:\JDK1.8\JDK\jre\lib\jfr.jar;F:\JDK1.8\JDK\jre\classes"/>
    <property name="java.vendor" value="Oracle Corporation"/>
    <property name="maven.home" value="F:\apache-maven-3.6.0"/>
    <property name="file.separator" value="\"/>
    <property name="java.vendor.url.bug" value="http://bugreport.sun.com/bugreport/"/>
    <property name="sun.cpu.endian" value="little"/>
    <property name="sun.io.unicode.encoding" value="UnicodeLittle"/>
    <property name="sun.desktop" value="windows"/>
    <property name="sun.cpu.isalist" value="amd64"/>
  </properties>
  <testcase classname="MD5Test" name="test" time="0.023"/>
</testsuite>